9.1387 	WARNING 	We strongly recommend you activate the PTB sound engine in PsychoPy prefs as the preferred audio engine. Its timing is vastly superior. Your prefs are currently set to use ['sounddevice', 'PTB', 'pyo', 'pygame'] (in that order).
42.2714 	WARNING 	User requested fullscreen with size [1024  768], but screen is actually [1920, 1080]. Using actual size
44.4320 	EXP 	Created window1 = Window(allowGUI=True, allowStencil=False, autoLog=True, backendConf=UNKNOWN, bitsMode=UNKNOWN, blendMode='avg', bpc=(8, 8, 8), color=array([0, 0, 0]), colorSpace='rgb', depthBits=8, fullscr=<method-wrapper '__getattribute__' of attributeSetter object at 0x000002E0865CA0D0>, gamma=None, gammaErrorPolicy='raise', lms=UNKNOWN, monitor=<psychopy.monitors.calibTools.Monitor object at 0x000002E086A04280>, multiSample=False, name='window1', numSamples=2, pos=(0, 0), screen=0, size=array([1920, 1080]), stencilBits=0, stereo=False, units='height', useFBO=True, useRetina=False, viewOri=0.0, viewPos=None, viewScale=None, waitBlanking=True, winType='pyglet')
44.4323 	EXP 	window1: mouseVisible = True
44.4326 	EXP 	window1: mouseVisible = False
44.4326 	EXP 	window1: Attempting to measure frame rate of screen (0) ...
44.4326 	EXP 	window1: recordFrameIntervals = False
44.5981 	EXP 	window1: recordFrameIntervals = True
44.7814 	EXP 	Screen (0) actual frame rate measured at 60.01Hz
44.7815 	EXP 	window1: recordFrameIntervals = False
49.7221 	EXP 	Created fixation = ShapeStim(__class__=<class 'psychopy.visual.shape.ShapeStim'>, anchor=('center', 'center'), autoDraw=False, autoLog=True, closeShape=True, color=method-wrapper(...), colorSpace='rgb', contrast=None, depth=0.0, fillColor=array([1, 1, 1]), fillColorSpace='rgb', fillRGB=array([1, 1, 1]), interpolate=True, lineColor=array([1, 1, 1]), lineColorSpace='rgb', lineRGB=array([1, 1, 1]), lineWidth=1.0, name='fixation', opacity=1.0, ori=0.0, pos=array([0., 0.]), size=array([10., 10.]), units='pix', vertices=ndarray(...), win=Window(...), windingRule=None)
49.7328 	EXP 	Created grating = GratingStim(__class__=<class 'psychopy.visual.grating.GratingStim'>, anchor='center', autoDraw=False, autoLog=True, blendmode='avg', color=array([0.3, 0.3, 0.3]), colorSpace='rgb', contrast=0.3, depth=-1.0, interpolate=True, mask='gauss', maskParams=None, name='grating', opacity=1.0, ori=1.0, phase=array([0., 0.]), pos=array([0., 0.]), rgbPedestal=array([0., 0., 0.]), sf=array([5., 5.]), size=array([0.2, 0.2]), tex='sin', texRes=128.0, units='height', win=Window(...))
49.7389 	EXP 	Created sequence: random, trialTypes=1, nReps=100, seed=None
49.7398 	EXP 	New trial (rep=0, index=0): None
49.7525 	DATA 	Keypress: space
49.7642 	EXP 	grating: ori = 4.0
49.7642 	EXP 	fixation: autoDraw = True
50.7806 	EXP 	grating: autoDraw = True
50.7806 	EXP 	grating: tex = 'sin'
50.7975 	EXP 	fixation: autoDraw = False
51.0807 	EXP 	grating: autoDraw = False
52.4042 	EXP 	New trial (rep=1, index=0): None
52.4081 	DATA 	Keypress: down
52.4140 	EXP 	fixation: autoDraw = False
52.4140 	EXP 	grating: autoDraw = False
52.4140 	EXP 	grating: ori = 4.0
52.4140 	EXP 	fixation: autoDraw = True
53.4137 	EXP 	fixation: autoDraw = False
53.4137 	EXP 	grating: autoDraw = True
53.7139 	EXP 	grating: autoDraw = False
54.0196 	EXP 	New trial (rep=2, index=0): None
54.0219 	DATA 	Keypress: down
54.0305 	EXP 	fixation: autoDraw = False
54.0305 	EXP 	grating: autoDraw = False
54.0305 	EXP 	grating: ori = 0.0
54.0305 	EXP 	fixation: autoDraw = True
55.0315 	EXP 	fixation: autoDraw = False
55.0315 	EXP 	grating: autoDraw = True
55.3470 	EXP 	grating: autoDraw = False
55.5517 	EXP 	New trial (rep=3, index=0): None
55.5579 	DATA 	Keypress: up
55.5638 	EXP 	fixation: autoDraw = False
55.5638 	EXP 	grating: autoDraw = False
55.5638 	EXP 	grating: ori = 0.0
55.5638 	EXP 	fixation: autoDraw = True
56.5638 	EXP 	fixation: autoDraw = False
56.5638 	EXP 	grating: autoDraw = True
56.8644 	EXP 	grating: autoDraw = False
57.1340 	EXP 	New trial (rep=4, index=0): None
57.1355 	DATA 	Keypress: up
57.1472 	EXP 	fixation: autoDraw = False
57.1472 	EXP 	grating: autoDraw = False
57.1472 	EXP 	grating: ori = -2.0
57.1472 	EXP 	fixation: autoDraw = True
58.1469 	EXP 	fixation: autoDraw = False
58.1469 	EXP 	grating: autoDraw = True
58.4513 	EXP 	grating: autoDraw = False
58.7322 	EXP 	New trial (rep=5, index=0): None
58.7353 	DATA 	Keypress: up
58.7494 	EXP 	fixation: autoDraw = False
58.7494 	EXP 	grating: autoDraw = False
58.7494 	EXP 	grating: ori = 0.0
58.7494 	EXP 	fixation: autoDraw = True
59.7370 	EXP 	grating: autoDraw = True
59.7531 	EXP 	fixation: autoDraw = False
60.0467 	EXP 	grating: autoDraw = False
60.6534 	EXP 	New trial (rep=6, index=0): None
60.6578 	DATA 	Keypress: up
60.6652 	EXP 	fixation: autoDraw = False
60.6652 	EXP 	grating: autoDraw = False
60.6652 	EXP 	grating: ori = 2.0
60.6652 	EXP 	fixation: autoDraw = True
61.6634 	EXP 	grating: autoDraw = True
61.6799 	EXP 	fixation: autoDraw = False
61.9632 	EXP 	grating: autoDraw = False
62.2344 	EXP 	New trial (rep=7, index=0): None
62.2359 	DATA 	Keypress: down
62.2466 	EXP 	fixation: autoDraw = False
62.2466 	EXP 	grating: autoDraw = False
62.2466 	EXP 	grating: ori = 0.0
62.2466 	EXP 	fixation: autoDraw = True
63.2466 	EXP 	fixation: autoDraw = False
63.2466 	EXP 	grating: autoDraw = True
63.5466 	EXP 	grating: autoDraw = False
63.8195 	EXP 	New trial (rep=8, index=0): None
63.8223 	DATA 	Keypress: up
63.8299 	EXP 	fixation: autoDraw = False
63.8299 	EXP 	grating: autoDraw = False
63.8299 	EXP 	grating: ori = -3.0
63.8299 	EXP 	fixation: autoDraw = True
64.8298 	EXP 	fixation: autoDraw = False
64.8298 	EXP 	grating: autoDraw = True
65.1300 	EXP 	grating: autoDraw = False
65.3846 	EXP 	New trial (rep=9, index=0): None
65.3868 	DATA 	Keypress: down
65.3964 	EXP 	fixation: autoDraw = False
65.3964 	EXP 	grating: autoDraw = False
65.3964 	EXP 	grating: ori = 0.0
65.3964 	EXP 	fixation: autoDraw = True
66.3962 	EXP 	fixation: autoDraw = False
66.3962 	EXP 	grating: autoDraw = True
66.6982 	EXP 	grating: autoDraw = False
66.8820 	EXP 	New trial (rep=10, index=0): None
66.8833 	DATA 	Keypress: up
66.8962 	EXP 	fixation: autoDraw = False
66.8962 	EXP 	grating: autoDraw = False
66.8962 	EXP 	grating: ori = 0.0
66.8962 	EXP 	fixation: autoDraw = True
67.8800 	EXP 	grating: autoDraw = True
67.8961 	EXP 	fixation: autoDraw = False
68.1797 	EXP 	grating: autoDraw = False
68.5022 	EXP 	New trial (rep=11, index=0): None
68.5053 	DATA 	Keypress: up
68.5128 	EXP 	fixation: autoDraw = False
68.5128 	EXP 	grating: autoDraw = False
68.5128 	EXP 	grating: ori = 0.0
68.5128 	EXP 	fixation: autoDraw = True
69.5128 	EXP 	fixation: autoDraw = False
69.5128 	EXP 	grating: autoDraw = True
69.8127 	EXP 	grating: autoDraw = False
70.1190 	EXP 	New trial (rep=12, index=0): None
70.1227 	DATA 	Keypress: up
70.1293 	EXP 	fixation: autoDraw = False
70.1293 	EXP 	grating: autoDraw = False
70.1293 	EXP 	grating: ori = -4.0
70.1293 	EXP 	fixation: autoDraw = True
71.1294 	EXP 	fixation: autoDraw = False
71.1294 	EXP 	grating: autoDraw = True
71.4297 	EXP 	grating: autoDraw = False
71.5841 	EXP 	New trial (rep=13, index=0): None
71.5859 	DATA 	Keypress: down
71.5959 	EXP 	fixation: autoDraw = False
71.5959 	EXP 	grating: autoDraw = False
71.5959 	EXP 	grating: ori = 0.0
71.5959 	EXP 	fixation: autoDraw = True
72.5985 	EXP 	fixation: autoDraw = False
72.5985 	EXP 	grating: autoDraw = True
72.9127 	EXP 	grating: autoDraw = False
73.2395 	EXP 	New trial (rep=14, index=0): None
73.2406 	DATA 	Keypress: down
73.2458 	EXP 	fixation: autoDraw = False
73.2458 	EXP 	grating: autoDraw = False
73.2458 	EXP 	grating: ori = 0.0
73.2458 	EXP 	fixation: autoDraw = True
74.2457 	EXP 	fixation: autoDraw = False
74.2457 	EXP 	grating: autoDraw = True
74.5458 	EXP 	grating: autoDraw = False
79.1163 	DATA 	Keypress: up
79.1365 	EXP 	New trial (rep=15, index=0): None
79.1455 	EXP 	fixation: autoDraw = False
79.1455 	EXP 	grating: autoDraw = False
79.1455 	EXP 	grating: ori = 4.0
79.1455 	EXP 	fixation: autoDraw = True
80.1453 	EXP 	fixation: autoDraw = False
80.1453 	EXP 	grating: autoDraw = True
80.4455 	EXP 	grating: autoDraw = False
80.8994 	EXP 	New trial (rep=16, index=0): None
80.9012 	DATA 	Keypress: down
80.9117 	EXP 	fixation: autoDraw = False
80.9117 	EXP 	grating: autoDraw = False
80.9117 	EXP 	grating: ori = 0.0
80.9117 	EXP 	fixation: autoDraw = True
81.9119 	EXP 	fixation: autoDraw = False
81.9119 	EXP 	grating: autoDraw = True
82.2118 	EXP 	grating: autoDraw = False
82.6442 	EXP 	New trial (rep=17, index=0): None
82.6463 	DATA 	Keypress: up
82.6654 	EXP 	fixation: autoDraw = False
82.6654 	EXP 	grating: autoDraw = False
82.6654 	EXP 	grating: ori = 2.0
82.6654 	EXP 	fixation: autoDraw = True
83.6453 	EXP 	grating: autoDraw = True
83.6787 	EXP 	fixation: autoDraw = False
83.9451 	EXP 	grating: autoDraw = False
85.5511 	EXP 	New trial (rep=18, index=0): None
85.5548 	DATA 	Keypress: down
85.5615 	EXP 	fixation: autoDraw = False
85.5615 	EXP 	grating: autoDraw = False
85.5615 	EXP 	grating: ori = 0.0
85.5615 	EXP 	fixation: autoDraw = True
86.5615 	EXP 	fixation: autoDraw = False
86.5615 	EXP 	grating: autoDraw = True
86.8618 	EXP 	grating: autoDraw = False
87.2660 	EXP 	New trial (rep=19, index=0): None
87.2677 	DATA 	Keypress: up
87.2786 	EXP 	fixation: autoDraw = False
87.2786 	EXP 	grating: autoDraw = False
87.2786 	EXP 	grating: ori = 4.0
87.2786 	EXP 	fixation: autoDraw = True
88.2782 	EXP 	fixation: autoDraw = False
88.2782 	EXP 	grating: autoDraw = True
88.5783 	EXP 	grating: autoDraw = False
89.9382 	EXP 	New trial (rep=20, index=0): None
89.9399 	DATA 	Keypress: down
89.9494 	EXP 	fixation: autoDraw = False
89.9494 	EXP 	grating: autoDraw = False
89.9494 	EXP 	grating: ori = 3.0
89.9494 	EXP 	fixation: autoDraw = True
90.9500 	EXP 	fixation: autoDraw = False
90.9500 	EXP 	grating: autoDraw = True
91.2656 	EXP 	grating: autoDraw = False
91.8229 	EXP 	New trial (rep=21, index=0): None
91.8268 	DATA 	Keypress: down
91.8450 	EXP 	fixation: autoDraw = False
91.8450 	EXP 	grating: autoDraw = False
91.8450 	EXP 	grating: ori = 0.0
91.8450 	EXP 	fixation: autoDraw = True
92.8279 	EXP 	grating: autoDraw = True
92.8447 	EXP 	fixation: autoDraw = False
93.1279 	EXP 	grating: autoDraw = False
93.5987 	EXP 	New trial (rep=22, index=0): None
93.6001 	DATA 	Keypress: up
93.6109 	EXP 	fixation: autoDraw = False
93.6109 	EXP 	grating: autoDraw = False
93.6109 	EXP 	grating: ori = 0.0
93.6109 	EXP 	fixation: autoDraw = True
94.6109 	EXP 	fixation: autoDraw = False
94.6109 	EXP 	grating: autoDraw = True
94.9112 	EXP 	grating: autoDraw = False
96.3962 	EXP 	New trial (rep=23, index=0): None
96.3988 	DATA 	Keypress: up
96.4106 	EXP 	fixation: autoDraw = False
96.4106 	EXP 	grating: autoDraw = False
96.4106 	EXP 	grating: ori = 0.0
96.4106 	EXP 	fixation: autoDraw = True
97.4107 	EXP 	fixation: autoDraw = False
97.4107 	EXP 	grating: autoDraw = True
97.7108 	EXP 	grating: autoDraw = False
98.2977 	EXP 	New trial (rep=24, index=0): None
98.2992 	DATA 	Keypress: up
98.3108 	EXP 	fixation: autoDraw = False
98.3108 	EXP 	grating: autoDraw = False
98.3108 	EXP 	grating: ori = 2.0
98.3108 	EXP 	fixation: autoDraw = True
99.3107 	EXP 	fixation: autoDraw = False
99.3107 	EXP 	grating: autoDraw = True
99.6108 	EXP 	grating: autoDraw = False
100.9509 	EXP 	New trial (rep=25, index=0): None
100.9541 	DATA 	Keypress: down
100.9606 	EXP 	fixation: autoDraw = False
100.9606 	EXP 	grating: autoDraw = False
100.9606 	EXP 	grating: ori = 0.0
100.9606 	EXP 	fixation: autoDraw = True
101.9613 	EXP 	fixation: autoDraw = False
101.9613 	EXP 	grating: autoDraw = True
102.2777 	EXP 	grating: autoDraw = False
102.7365 	EXP 	New trial (rep=26, index=0): None
102.7388 	DATA 	Keypress: up
102.7442 	EXP 	fixation: autoDraw = False
102.7442 	EXP 	grating: autoDraw = False
102.7442 	EXP 	grating: ori = 0.0
102.7442 	EXP 	fixation: autoDraw = True
103.7440 	EXP 	fixation: autoDraw = False
103.7440 	EXP 	grating: autoDraw = True
104.0439 	EXP 	grating: autoDraw = False
104.7998 	EXP 	New trial (rep=27, index=0): None
104.8026 	DATA 	Keypress: up
104.8123 	EXP 	fixation: autoDraw = False
104.8123 	EXP 	grating: autoDraw = False
104.8123 	EXP 	grating: ori = 0.0
104.8123 	EXP 	fixation: autoDraw = True
105.8101 	EXP 	grating: autoDraw = True
105.8300 	EXP 	fixation: autoDraw = False
106.1106 	EXP 	grating: autoDraw = False
106.5010 	EXP 	New trial (rep=28, index=0): None
106.5032 	DATA 	Keypress: up
106.5099 	EXP 	fixation: autoDraw = False
106.5099 	EXP 	grating: autoDraw = False
106.5099 	EXP 	grating: ori = -3.0
106.5099 	EXP 	fixation: autoDraw = True
107.5100 	EXP 	fixation: autoDraw = False
107.5100 	EXP 	grating: autoDraw = True
107.8100 	EXP 	grating: autoDraw = False
108.2657 	EXP 	New trial (rep=29, index=0): None
108.2674 	DATA 	Keypress: up
108.2767 	EXP 	fixation: autoDraw = False
108.2767 	EXP 	grating: autoDraw = False
108.2767 	EXP 	grating: ori = 0.0
108.2767 	EXP 	fixation: autoDraw = True
109.2765 	EXP 	fixation: autoDraw = False
109.2765 	EXP 	grating: autoDraw = True
109.5765 	EXP 	grating: autoDraw = False
109.9549 	EXP 	New trial (rep=30, index=0): None
109.9567 	DATA 	Keypress: up
109.9619 	EXP 	fixation: autoDraw = False
109.9619 	EXP 	grating: autoDraw = False
109.9619 	EXP 	grating: ori = 0.0
109.9619 	EXP 	fixation: autoDraw = True
110.9645 	EXP 	fixation: autoDraw = False
110.9645 	EXP 	grating: autoDraw = True
111.2650 	EXP 	grating: autoDraw = False
111.6532 	EXP 	New trial (rep=31, index=0): None
111.6555 	DATA 	Keypress: down
111.6643 	EXP 	fixation: autoDraw = False
111.6643 	EXP 	grating: autoDraw = False
111.6643 	EXP 	grating: ori = -5.0
111.6643 	EXP 	fixation: autoDraw = True
111.6660 	DATA 	Keypress: up
112.6649 	EXP 	fixation: autoDraw = False
112.6649 	EXP 	grating: autoDraw = True
112.9639 	EXP 	grating: autoDraw = False
113.2880 	EXP 	New trial (rep=32, index=0): None
113.2900 	DATA 	Keypress: down
113.3027 	EXP 	fixation: autoDraw = False
113.3027 	EXP 	grating: autoDraw = False
113.3027 	EXP 	grating: ori = -4.0
113.3027 	EXP 	fixation: autoDraw = True
114.2933 	EXP 	grating: autoDraw = True
114.3096 	EXP 	fixation: autoDraw = False
114.5933 	EXP 	grating: autoDraw = False
115.1195 	EXP 	New trial (rep=33, index=0): None
115.1217 	DATA 	Keypress: down
115.1317 	EXP 	fixation: autoDraw = False
115.1317 	EXP 	grating: autoDraw = False
115.1317 	EXP 	grating: ori = 0.0
115.1317 	EXP 	fixation: autoDraw = True
116.1313 	EXP 	fixation: autoDraw = False
116.1313 	EXP 	grating: autoDraw = True
116.4331 	EXP 	grating: autoDraw = False
116.7005 	EXP 	New trial (rep=34, index=0): None
116.7016 	DATA 	Keypress: up
116.7137 	EXP 	fixation: autoDraw = False
116.7137 	EXP 	grating: autoDraw = False
116.7137 	EXP 	grating: ori = 1.0
116.7137 	EXP 	fixation: autoDraw = True
117.7093 	EXP 	grating: autoDraw = True
117.7261 	EXP 	fixation: autoDraw = False
118.0095 	EXP 	grating: autoDraw = False
118.3298 	EXP 	New trial (rep=35, index=0): None
118.3318 	DATA 	Keypress: up
118.3426 	EXP 	fixation: autoDraw = False
118.3426 	EXP 	grating: autoDraw = False
118.3426 	EXP 	grating: ori = 0.0
118.3426 	EXP 	fixation: autoDraw = True
119.3311 	EXP 	grating: autoDraw = True
119.3482 	EXP 	fixation: autoDraw = False
119.6302 	EXP 	grating: autoDraw = False
119.9207 	EXP 	New trial (rep=36, index=0): None
119.9273 	DATA 	Keypress: up
119.9425 	EXP 	fixation: autoDraw = False
119.9425 	EXP 	grating: autoDraw = False
119.9425 	EXP 	grating: ori = 0.0
119.9425 	EXP 	fixation: autoDraw = True
120.9259 	EXP 	grating: autoDraw = True
120.9440 	EXP 	fixation: autoDraw = False
121.2257 	EXP 	grating: autoDraw = False
121.5627 	EXP 	New trial (rep=37, index=0): None
121.5644 	DATA 	Keypress: up
121.5756 	EXP 	fixation: autoDraw = False
121.5756 	EXP 	grating: autoDraw = False
121.5756 	EXP 	grating: ori = 0.0
121.5756 	EXP 	fixation: autoDraw = True
122.5757 	EXP 	fixation: autoDraw = False
122.5757 	EXP 	grating: autoDraw = True
122.8805 	EXP 	grating: autoDraw = False
123.2720 	EXP 	New trial (rep=38, index=0): None
123.2738 	DATA 	Keypress: up
123.2829 	EXP 	fixation: autoDraw = False
123.2829 	EXP 	grating: autoDraw = False
123.2829 	EXP 	grating: ori = 4.0
123.2829 	EXP 	fixation: autoDraw = True
124.2755 	EXP 	grating: autoDraw = True
124.2923 	EXP 	fixation: autoDraw = False
124.5758 	EXP 	grating: autoDraw = False
125.0471 	EXP 	New trial (rep=39, index=0): None
125.0491 	DATA 	Keypress: down
125.0589 	EXP 	fixation: autoDraw = False
125.0589 	EXP 	grating: autoDraw = False
125.0589 	EXP 	grating: ori = -2.0
125.0589 	EXP 	fixation: autoDraw = True
126.0588 	EXP 	fixation: autoDraw = False
126.0588 	EXP 	grating: autoDraw = True
126.3587 	EXP 	grating: autoDraw = False
126.8318 	EXP 	New trial (rep=40, index=0): None
126.8367 	DATA 	Keypress: up
126.8422 	EXP 	fixation: autoDraw = False
126.8422 	EXP 	grating: autoDraw = False
126.8422 	EXP 	grating: ori = 0.0
126.8422 	EXP 	fixation: autoDraw = True
127.8422 	EXP 	fixation: autoDraw = False
127.8422 	EXP 	grating: autoDraw = True
128.1420 	EXP 	grating: autoDraw = False
128.9985 	EXP 	New trial (rep=41, index=0): None
129.0011 	DATA 	Keypress: up
129.0084 	EXP 	fixation: autoDraw = False
129.0084 	EXP 	grating: autoDraw = False
129.0084 	EXP 	grating: ori = 1.0
129.0084 	EXP 	fixation: autoDraw = True
130.0090 	EXP 	fixation: autoDraw = False
130.0090 	EXP 	grating: autoDraw = True
130.3086 	EXP 	grating: autoDraw = False
131.1619 	EXP 	New trial (rep=42, index=0): None
131.1641 	DATA 	Keypress: up
131.1758 	EXP 	fixation: autoDraw = False
131.1758 	EXP 	grating: autoDraw = False
131.1758 	EXP 	grating: ori = 0.0
131.1758 	EXP 	fixation: autoDraw = True
132.1749 	EXP 	grating: autoDraw = True
132.1918 	EXP 	fixation: autoDraw = False
132.4751 	EXP 	grating: autoDraw = False
132.8019 	EXP 	New trial (rep=43, index=0): None
132.8040 	DATA 	Keypress: up
132.8100 	EXP 	fixation: autoDraw = False
132.8100 	EXP 	grating: autoDraw = False
132.8100 	EXP 	grating: ori = -2.0
132.8100 	EXP 	fixation: autoDraw = True
133.8082 	EXP 	grating: autoDraw = True
133.8311 	EXP 	fixation: autoDraw = False
134.1085 	EXP 	grating: autoDraw = False
134.7481 	EXP 	New trial (rep=44, index=0): None
134.7507 	DATA 	Keypress: up
134.7580 	EXP 	fixation: autoDraw = False
134.7580 	EXP 	grating: autoDraw = False
134.7580 	EXP 	grating: ori = 4.0
134.7580 	EXP 	fixation: autoDraw = True
135.7580 	EXP 	fixation: autoDraw = False
135.7580 	EXP 	grating: autoDraw = True
136.0584 	EXP 	grating: autoDraw = False
136.3615 	EXP 	New trial (rep=45, index=0): None
136.3635 	DATA 	Keypress: down
136.3748 	EXP 	fixation: autoDraw = False
136.3748 	EXP 	grating: autoDraw = False
136.3748 	EXP 	grating: ori = 0.0
136.3748 	EXP 	fixation: autoDraw = True
137.3749 	EXP 	fixation: autoDraw = False
137.3749 	EXP 	grating: autoDraw = True
137.6911 	EXP 	grating: autoDraw = False
138.0803 	EXP 	New trial (rep=46, index=0): None
138.0818 	DATA 	Keypress: up
138.0912 	EXP 	fixation: autoDraw = False
138.0912 	EXP 	grating: autoDraw = False
138.0912 	EXP 	grating: ori = 2.0
138.0912 	EXP 	fixation: autoDraw = True
139.0743 	EXP 	grating: autoDraw = True
139.0910 	EXP 	fixation: autoDraw = False
139.3746 	EXP 	grating: autoDraw = False
140.9966 	EXP 	New trial (rep=47, index=0): None
140.9986 	DATA 	Keypress: down
141.0076 	EXP 	fixation: autoDraw = False
141.0076 	EXP 	grating: autoDraw = False
141.0076 	EXP 	grating: ori = 0.0
141.0076 	EXP 	fixation: autoDraw = True
142.0082 	EXP 	fixation: autoDraw = False
142.0082 	EXP 	grating: autoDraw = True
142.3077 	EXP 	grating: autoDraw = False
143.8130 	EXP 	New trial (rep=48, index=0): None
143.8159 	DATA 	Keypress: up
143.8243 	EXP 	fixation: autoDraw = False
143.8243 	EXP 	grating: autoDraw = False
143.8243 	EXP 	grating: ori = 0.0
143.8243 	EXP 	fixation: autoDraw = True
144.8242 	EXP 	fixation: autoDraw = False
144.8242 	EXP 	grating: autoDraw = True
145.1241 	EXP 	grating: autoDraw = False
145.8237 	EXP 	New trial (rep=49, index=0): None
145.8255 	DATA 	Keypress: up
145.8405 	EXP 	fixation: autoDraw = False
145.8405 	EXP 	grating: autoDraw = False
145.8405 	EXP 	grating: ori = 2.0
145.8405 	EXP 	fixation: autoDraw = True
146.8241 	EXP 	grating: autoDraw = True
146.8446 	EXP 	fixation: autoDraw = False
147.1241 	EXP 	grating: autoDraw = False
147.4293 	EXP 	New trial (rep=50, index=0): None
147.4312 	DATA 	Keypress: up
147.4405 	EXP 	fixation: autoDraw = False
147.4405 	EXP 	grating: autoDraw = False
147.4405 	EXP 	grating: ori = 1.0
147.4405 	EXP 	fixation: autoDraw = True
148.4419 	EXP 	fixation: autoDraw = False
148.4419 	EXP 	grating: autoDraw = True
148.7572 	EXP 	grating: autoDraw = False
149.2164 	EXP 	New trial (rep=51, index=0): None
149.2179 	DATA 	Keypress: up
149.2285 	EXP 	fixation: autoDraw = False
149.2285 	EXP 	grating: autoDraw = False
149.2285 	EXP 	grating: ori = -5.0
149.2285 	EXP 	fixation: autoDraw = True
150.2237 	EXP 	grating: autoDraw = True
150.2404 	EXP 	fixation: autoDraw = False
150.5241 	EXP 	grating: autoDraw = False
150.8293 	EXP 	New trial (rep=52, index=0): None
150.8317 	DATA 	Keypress: down
150.8404 	EXP 	fixation: autoDraw = False
150.8404 	EXP 	grating: autoDraw = False
150.8404 	EXP 	grating: ori = 0.0
150.8404 	EXP 	fixation: autoDraw = True
151.8402 	EXP 	fixation: autoDraw = False
151.8402 	EXP 	grating: autoDraw = True
152.1402 	EXP 	grating: autoDraw = False
152.4793 	EXP 	New trial (rep=53, index=0): None
152.4809 	DATA 	Keypress: up
152.4902 	EXP 	fixation: autoDraw = False
152.4902 	EXP 	grating: autoDraw = False
152.4902 	EXP 	grating: ori = 0.0
152.4902 	EXP 	fixation: autoDraw = True
153.4902 	EXP 	fixation: autoDraw = False
153.4902 	EXP 	grating: autoDraw = True
153.7901 	EXP 	grating: autoDraw = False
154.0311 	EXP 	New trial (rep=54, index=0): None
154.0342 	DATA 	Keypress: up
154.0414 	EXP 	fixation: autoDraw = False
154.0414 	EXP 	grating: autoDraw = False
154.0414 	EXP 	grating: ori = 0.0
154.0414 	EXP 	fixation: autoDraw = True
155.0401 	EXP 	grating: autoDraw = True
155.0570 	EXP 	fixation: autoDraw = False
155.3400 	EXP 	grating: autoDraw = False
155.5274 	EXP 	New trial (rep=55, index=0): None
155.5299 	DATA 	Keypress: up
155.5400 	EXP 	fixation: autoDraw = False
155.5400 	EXP 	grating: autoDraw = False
155.5400 	EXP 	grating: ori = 0.0
155.5400 	EXP 	fixation: autoDraw = True
156.5398 	EXP 	fixation: autoDraw = False
156.5398 	EXP 	grating: autoDraw = True
156.8403 	EXP 	grating: autoDraw = False
156.9973 	EXP 	New trial (rep=56, index=0): None
156.9994 	DATA 	Keypress: up
157.0066 	EXP 	fixation: autoDraw = False
157.0066 	EXP 	grating: autoDraw = False
157.0066 	EXP 	grating: ori = 0.0
157.0066 	EXP 	fixation: autoDraw = True
158.0065 	EXP 	fixation: autoDraw = False
158.0065 	EXP 	grating: autoDraw = True
158.3066 	EXP 	grating: autoDraw = False
158.5265 	EXP 	New trial (rep=57, index=0): None
158.5280 	DATA 	Keypress: up
158.5397 	EXP 	fixation: autoDraw = False
158.5397 	EXP 	grating: autoDraw = False
158.5397 	EXP 	grating: ori = 3.0
158.5397 	EXP 	fixation: autoDraw = True
159.5399 	EXP 	fixation: autoDraw = False
159.5399 	EXP 	grating: autoDraw = True
159.8396 	EXP 	grating: autoDraw = False
160.1137 	EXP 	New trial (rep=58, index=0): None
160.1160 	DATA 	Keypress: down
160.1229 	EXP 	fixation: autoDraw = False
160.1229 	EXP 	grating: autoDraw = False
160.1229 	EXP 	grating: ori = 0.0
160.1229 	EXP 	fixation: autoDraw = True
161.1231 	EXP 	fixation: autoDraw = False
161.1231 	EXP 	grating: autoDraw = True
161.4254 	EXP 	grating: autoDraw = False
161.7927 	DATA 	Keypress: up
161.8191 	EXP 	New trial (rep=59, index=0): None
161.8264 	EXP 	fixation: autoDraw = False
161.8264 	EXP 	grating: autoDraw = False
161.8264 	EXP 	grating: ori = 3.0
161.8264 	EXP 	fixation: autoDraw = True
162.8229 	EXP 	grating: autoDraw = True
162.8396 	EXP 	fixation: autoDraw = False
163.1229 	EXP 	grating: autoDraw = False
163.8450 	EXP 	New trial (rep=60, index=0): None
163.8471 	DATA 	Keypress: down
163.8560 	EXP 	fixation: autoDraw = False
163.8560 	EXP 	grating: autoDraw = False
163.8560 	EXP 	grating: ori = 0.0
163.8560 	EXP 	fixation: autoDraw = True
164.8561 	EXP 	fixation: autoDraw = False
164.8561 	EXP 	grating: autoDraw = True
165.1559 	EXP 	grating: autoDraw = False
165.4311 	EXP 	New trial (rep=61, index=0): None
165.4334 	DATA 	Keypress: up
165.4396 	EXP 	fixation: autoDraw = False
165.4396 	EXP 	grating: autoDraw = False
165.4396 	EXP 	grating: ori = -3.0
165.4396 	EXP 	fixation: autoDraw = True
166.4393 	EXP 	fixation: autoDraw = False
166.4393 	EXP 	grating: autoDraw = True
166.7395 	EXP 	grating: autoDraw = False
167.3500 	EXP 	New trial (rep=62, index=0): None
167.3517 	DATA 	Keypress: up
167.3601 	EXP 	fixation: autoDraw = False
167.3601 	EXP 	grating: autoDraw = False
167.3601 	EXP 	grating: ori = 4.0
167.3601 	EXP 	fixation: autoDraw = True
168.3613 	EXP 	fixation: autoDraw = False
168.3613 	EXP 	grating: autoDraw = True
168.6613 	EXP 	grating: autoDraw = False
168.9964 	EXP 	New trial (rep=63, index=0): None
168.9977 	DATA 	Keypress: down
169.0102 	EXP 	fixation: autoDraw = False
169.0102 	EXP 	grating: autoDraw = False
169.0102 	EXP 	grating: ori = 0.0
169.0102 	EXP 	fixation: autoDraw = True
170.0114 	EXP 	fixation: autoDraw = False
170.0114 	EXP 	grating: autoDraw = True
170.3224 	EXP 	grating: autoDraw = False
170.5600 	EXP 	New trial (rep=64, index=0): None
170.5618 	DATA 	Keypress: up
170.5723 	EXP 	fixation: autoDraw = False
170.5723 	EXP 	grating: autoDraw = False
170.5723 	EXP 	grating: ori = -4.0
170.5723 	EXP 	fixation: autoDraw = True
171.5727 	EXP 	fixation: autoDraw = False
171.5727 	EXP 	grating: autoDraw = True
171.8726 	EXP 	grating: autoDraw = False
172.4102 	EXP 	New trial (rep=65, index=0): None
172.4131 	DATA 	Keypress: down
172.4222 	EXP 	fixation: autoDraw = False
172.4222 	EXP 	grating: autoDraw = False
172.4222 	EXP 	grating: ori = 0.0
172.4222 	EXP 	fixation: autoDraw = True
173.4223 	EXP 	fixation: autoDraw = False
173.4223 	EXP 	grating: autoDraw = True
173.7222 	EXP 	grating: autoDraw = False
173.9595 	EXP 	New trial (rep=66, index=0): None
173.9619 	DATA 	Keypress: up
173.9725 	EXP 	fixation: autoDraw = False
173.9725 	EXP 	grating: autoDraw = False
173.9725 	EXP 	grating: ori = 1.0
173.9725 	EXP 	fixation: autoDraw = True
174.9720 	EXP 	fixation: autoDraw = False
174.9720 	EXP 	grating: autoDraw = True
175.2723 	EXP 	grating: autoDraw = False
175.4953 	EXP 	New trial (rep=67, index=0): None
175.4985 	DATA 	Keypress: up
175.5055 	EXP 	fixation: autoDraw = False
175.5055 	EXP 	grating: autoDraw = False
175.5055 	EXP 	grating: ori = 0.0
175.5055 	EXP 	fixation: autoDraw = True
176.5054 	EXP 	fixation: autoDraw = False
176.5054 	EXP 	grating: autoDraw = True
176.8054 	EXP 	grating: autoDraw = False
178.0774 	EXP 	New trial (rep=68, index=0): None
178.0792 	DATA 	Keypress: down
178.0882 	EXP 	fixation: autoDraw = False
178.0882 	EXP 	grating: autoDraw = False
178.0882 	EXP 	grating: ori = 0.0
178.0882 	EXP 	fixation: autoDraw = True
179.0888 	EXP 	fixation: autoDraw = False
179.0888 	EXP 	grating: autoDraw = True
179.3919 	EXP 	grating: autoDraw = False
179.6636 	EXP 	New trial (rep=69, index=0): None
179.6691 	DATA 	Keypress: up
179.6748 	EXP 	fixation: autoDraw = False
179.6748 	EXP 	grating: autoDraw = False
179.6748 	EXP 	grating: ori = -2.0
179.6748 	EXP 	fixation: autoDraw = True
180.6717 	EXP 	grating: autoDraw = True
180.6883 	EXP 	fixation: autoDraw = False
180.9717 	EXP 	grating: autoDraw = False
181.5258 	DATA 	Keypress: up
181.5410 	EXP 	New trial (rep=70, index=0): None
181.5552 	EXP 	fixation: autoDraw = False
181.5552 	EXP 	grating: autoDraw = False
181.5552 	EXP 	grating: ori = 0.0
181.5552 	EXP 	fixation: autoDraw = True
182.5546 	EXP 	fixation: autoDraw = False
182.5546 	EXP 	grating: autoDraw = True
182.8548 	EXP 	grating: autoDraw = False
183.0617 	EXP 	New trial (rep=71, index=0): None
183.0657 	DATA 	Keypress: up
183.0714 	EXP 	fixation: autoDraw = False
183.0714 	EXP 	grating: autoDraw = False
183.0714 	EXP 	grating: ori = 0.0
183.0714 	EXP 	fixation: autoDraw = True
184.0714 	EXP 	fixation: autoDraw = False
184.0714 	EXP 	grating: autoDraw = True
184.3725 	EXP 	grating: autoDraw = False
184.8760 	EXP 	New trial (rep=72, index=0): None
184.8776 	DATA 	Keypress: up
184.8879 	EXP 	fixation: autoDraw = False
184.8879 	EXP 	grating: autoDraw = False
184.8879 	EXP 	grating: ori = 0.0
184.8879 	EXP 	fixation: autoDraw = True
185.8880 	EXP 	fixation: autoDraw = False
185.8880 	EXP 	grating: autoDraw = True
186.1880 	EXP 	grating: autoDraw = False
186.5121 	EXP 	New trial (rep=73, index=0): None
186.5136 	DATA 	Keypress: up
186.5210 	EXP 	fixation: autoDraw = False
186.5210 	EXP 	grating: autoDraw = False
186.5210 	EXP 	grating: ori = 0.0
186.5210 	EXP 	fixation: autoDraw = True
187.5210 	EXP 	fixation: autoDraw = False
187.5210 	EXP 	grating: autoDraw = True
187.8224 	EXP 	grating: autoDraw = False
188.0261 	EXP 	New trial (rep=74, index=0): None
188.0285 	DATA 	Keypress: up
188.0379 	EXP 	fixation: autoDraw = False
188.0379 	EXP 	grating: autoDraw = False
188.0379 	EXP 	grating: ori = -4.0
188.0379 	EXP 	fixation: autoDraw = True
189.0378 	EXP 	fixation: autoDraw = False
189.0378 	EXP 	grating: autoDraw = True
189.3385 	EXP 	grating: autoDraw = False
189.6782 	EXP 	New trial (rep=75, index=0): None
189.6801 	DATA 	Keypress: down
189.6876 	EXP 	fixation: autoDraw = False
189.6876 	EXP 	grating: autoDraw = False
189.6876 	EXP 	grating: ori = 0.0
189.6876 	EXP 	fixation: autoDraw = True
190.6876 	EXP 	fixation: autoDraw = False
190.6876 	EXP 	grating: autoDraw = True
190.9921 	EXP 	grating: autoDraw = False
192.4725 	EXP 	New trial (rep=76, index=0): None
192.4756 	DATA 	Keypress: up
192.4873 	EXP 	fixation: autoDraw = False
192.4873 	EXP 	grating: autoDraw = False
192.4873 	EXP 	grating: ori = 0.0
192.4873 	EXP 	fixation: autoDraw = True
193.4715 	EXP 	grating: autoDraw = True
193.4874 	EXP 	fixation: autoDraw = False
193.7706 	EXP 	grating: autoDraw = False
194.2616 	EXP 	New trial (rep=77, index=0): None
194.2639 	DATA 	Keypress: up
194.2708 	EXP 	fixation: autoDraw = False
194.2708 	EXP 	grating: autoDraw = False
194.2708 	EXP 	grating: ori = 0.0
194.2708 	EXP 	fixation: autoDraw = True
195.2711 	EXP 	fixation: autoDraw = False
195.2711 	EXP 	grating: autoDraw = True
195.5706 	EXP 	grating: autoDraw = False
195.9431 	EXP 	New trial (rep=78, index=0): None
195.9455 	DATA 	Keypress: up
195.9537 	EXP 	fixation: autoDraw = False
195.9537 	EXP 	grating: autoDraw = False
195.9537 	EXP 	grating: ori = -1.0
195.9537 	EXP 	fixation: autoDraw = True
196.9538 	EXP 	fixation: autoDraw = False
196.9538 	EXP 	grating: autoDraw = True
197.2538 	EXP 	grating: autoDraw = False
197.5788 	EXP 	New trial (rep=79, index=0): None
197.5805 	DATA 	Keypress: up
197.5869 	EXP 	fixation: autoDraw = False
197.5869 	EXP 	grating: autoDraw = False
197.5869 	EXP 	grating: ori = 1.0
197.5869 	EXP 	fixation: autoDraw = True
198.5868 	EXP 	fixation: autoDraw = False
198.5868 	EXP 	grating: autoDraw = True
198.8869 	EXP 	grating: autoDraw = False
199.6754 	EXP 	New trial (rep=80, index=0): None
199.6771 	DATA 	Keypress: down
199.6881 	EXP 	fixation: autoDraw = False
199.6881 	EXP 	grating: autoDraw = False
199.6881 	EXP 	grating: ori = 0.0
199.6881 	EXP 	fixation: autoDraw = True
200.6873 	EXP 	grating: autoDraw = True
200.7035 	EXP 	fixation: autoDraw = False
200.9867 	EXP 	grating: autoDraw = False
201.2588 	DATA 	Keypress: up
201.2746 	EXP 	New trial (rep=81, index=0): None
201.2866 	EXP 	fixation: autoDraw = False
201.2866 	EXP 	grating: autoDraw = False
201.2866 	EXP 	grating: ori = 0.0
201.2866 	EXP 	fixation: autoDraw = True
202.2866 	EXP 	fixation: autoDraw = False
202.2866 	EXP 	grating: autoDraw = True
202.5894 	EXP 	grating: autoDraw = False
202.9097 	EXP 	New trial (rep=82, index=0): None
202.9136 	DATA 	Keypress: up
202.9200 	EXP 	fixation: autoDraw = False
202.9200 	EXP 	grating: autoDraw = False
202.9200 	EXP 	grating: ori = 4.0
202.9200 	EXP 	fixation: autoDraw = True
203.9200 	EXP 	fixation: autoDraw = False
203.9200 	EXP 	grating: autoDraw = True
204.2199 	EXP 	grating: autoDraw = False
204.7930 	EXP 	New trial (rep=83, index=0): None
204.7962 	DATA 	Keypress: down
204.8040 	EXP 	fixation: autoDraw = False
204.8040 	EXP 	grating: autoDraw = False
204.8040 	EXP 	grating: ori = 0.0
204.8040 	EXP 	fixation: autoDraw = True
205.8038 	EXP 	grating: autoDraw = True
205.8203 	EXP 	fixation: autoDraw = False
206.1038 	EXP 	grating: autoDraw = False
207.5135 	EXP 	New trial (rep=84, index=0): None
207.5150 	DATA 	Keypress: down
207.5203 	EXP 	fixation: autoDraw = False
207.5203 	EXP 	grating: autoDraw = False
207.5203 	EXP 	grating: ori = 0.0
207.5203 	EXP 	fixation: autoDraw = True
208.5201 	EXP 	fixation: autoDraw = False
208.5201 	EXP 	grating: autoDraw = True
208.8197 	EXP 	grating: autoDraw = False
209.2915 	EXP 	New trial (rep=85, index=0): None
209.2945 	DATA 	Keypress: up
209.3031 	EXP 	fixation: autoDraw = False
209.3031 	EXP 	grating: autoDraw = False
209.3031 	EXP 	grating: ori = 0.0
209.3031 	EXP 	fixation: autoDraw = True
210.3047 	EXP 	fixation: autoDraw = False
210.3047 	EXP 	grating: autoDraw = True
210.6194 	EXP 	grating: autoDraw = False
210.8956 	EXP 	New trial (rep=86, index=0): None
210.8976 	DATA 	Keypress: up
210.9031 	EXP 	fixation: autoDraw = False
210.9031 	EXP 	grating: autoDraw = False
210.9031 	EXP 	grating: ori = 1.0
210.9031 	EXP 	fixation: autoDraw = True
211.9028 	EXP 	fixation: autoDraw = False
211.9028 	EXP 	grating: autoDraw = True
212.2028 	EXP 	grating: autoDraw = False
212.6054 	EXP 	New trial (rep=87, index=0): None
212.6070 	DATA 	Keypress: up
212.6192 	EXP 	fixation: autoDraw = False
212.6192 	EXP 	grating: autoDraw = False
212.6192 	EXP 	grating: ori = 0.0
212.6192 	EXP 	fixation: autoDraw = True
213.6196 	EXP 	fixation: autoDraw = False
213.6196 	EXP 	grating: autoDraw = True
213.9192 	EXP 	grating: autoDraw = False
214.2733 	EXP 	New trial (rep=88, index=0): None
214.2749 	DATA 	Keypress: up
214.2858 	EXP 	fixation: autoDraw = False
214.2858 	EXP 	grating: autoDraw = False
214.2858 	EXP 	grating: ori = 1.0
214.2858 	EXP 	fixation: autoDraw = True
215.2780 	EXP 	grating: autoDraw = True
215.2906 	EXP 	fixation: autoDraw = False
215.5906 	EXP 	grating: autoDraw = False
215.8402 	EXP 	New trial (rep=89, index=0): None
215.8421 	DATA 	Keypress: up
215.8525 	EXP 	fixation: autoDraw = False
215.8525 	EXP 	grating: autoDraw = False
215.8525 	EXP 	grating: ori = -5.0
215.8525 	EXP 	fixation: autoDraw = True
216.8531 	EXP 	fixation: autoDraw = False
216.8531 	EXP 	grating: autoDraw = True
217.1691 	EXP 	grating: autoDraw = False
217.4730 	EXP 	New trial (rep=90, index=0): None
217.4748 	DATA 	Keypress: down
217.4856 	EXP 	fixation: autoDraw = False
217.4856 	EXP 	grating: autoDraw = False
217.4856 	EXP 	grating: ori = 4.0
217.4856 	EXP 	fixation: autoDraw = True
218.4741 	EXP 	grating: autoDraw = True
218.4905 	EXP 	fixation: autoDraw = False
218.7731 	EXP 	grating: autoDraw = False
219.1986 	EXP 	New trial (rep=91, index=0): None
219.2009 	DATA 	Keypress: down
219.2189 	EXP 	fixation: autoDraw = False
219.2189 	EXP 	grating: autoDraw = False
219.2189 	EXP 	grating: ori = -5.0
219.2189 	EXP 	fixation: autoDraw = True
220.2021 	EXP 	grating: autoDraw = True
220.2188 	EXP 	fixation: autoDraw = False
220.5022 	EXP 	grating: autoDraw = False
221.0591 	EXP 	New trial (rep=92, index=0): None
221.0635 	DATA 	Keypress: down
221.0689 	EXP 	fixation: autoDraw = False
221.0689 	EXP 	grating: autoDraw = False
221.0689 	EXP 	grating: ori = 0.0
221.0689 	EXP 	fixation: autoDraw = True
222.0688 	EXP 	fixation: autoDraw = False
222.0688 	EXP 	grating: autoDraw = True
222.3690 	EXP 	grating: autoDraw = False
222.5746 	EXP 	New trial (rep=93, index=0): None
222.5764 	DATA 	Keypress: up
222.5854 	EXP 	fixation: autoDraw = False
222.5854 	EXP 	grating: autoDraw = False
222.5854 	EXP 	grating: ori = -3.0
222.5854 	EXP 	fixation: autoDraw = True
223.5854 	EXP 	fixation: autoDraw = False
223.5854 	EXP 	grating: autoDraw = True
223.8852 	EXP 	grating: autoDraw = False
226.3734 	EXP 	New trial (rep=94, index=0): None
226.3750 	DATA 	Keypress: down
226.3850 	EXP 	fixation: autoDraw = False
226.3850 	EXP 	grating: autoDraw = False
226.3850 	EXP 	grating: ori = 0.0
226.3850 	EXP 	fixation: autoDraw = True
227.3855 	EXP 	fixation: autoDraw = False
227.3855 	EXP 	grating: autoDraw = True
227.6850 	EXP 	grating: autoDraw = False
227.9575 	EXP 	New trial (rep=95, index=0): None
227.9603 	DATA 	Keypress: up
227.9683 	EXP 	fixation: autoDraw = False
227.9683 	EXP 	grating: autoDraw = False
227.9683 	EXP 	grating: ori = -5.0
227.9683 	EXP 	fixation: autoDraw = True
228.9680 	EXP 	fixation: autoDraw = False
228.9680 	EXP 	grating: autoDraw = True
229.2681 	EXP 	grating: autoDraw = False
229.7094 	EXP 	New trial (rep=96, index=0): None
229.7196 	DATA 	Keypress: down
229.7350 	EXP 	fixation: autoDraw = False
229.7350 	EXP 	grating: autoDraw = False
229.7350 	EXP 	grating: ori = -5.0
229.7350 	EXP 	fixation: autoDraw = True
230.7180 	EXP 	grating: autoDraw = True
230.7347 	EXP 	fixation: autoDraw = False
231.0180 	EXP 	grating: autoDraw = False
231.2877 	EXP 	New trial (rep=97, index=0): None
231.2889 	DATA 	Keypress: down
231.3012 	EXP 	fixation: autoDraw = False
231.3012 	EXP 	grating: autoDraw = False
231.3012 	EXP 	grating: ori = 2.0
231.3012 	EXP 	fixation: autoDraw = True
232.3014 	EXP 	fixation: autoDraw = False
232.3014 	EXP 	grating: autoDraw = True
232.6011 	EXP 	grating: autoDraw = False
233.0233 	EXP 	New trial (rep=98, index=0): None
233.0249 	DATA 	Keypress: down
233.0345 	EXP 	fixation: autoDraw = False
233.0345 	EXP 	grating: autoDraw = False
233.0345 	EXP 	grating: ori = 0.0
233.0345 	EXP 	fixation: autoDraw = True
234.0344 	EXP 	fixation: autoDraw = False
234.0344 	EXP 	grating: autoDraw = True
234.3354 	EXP 	grating: autoDraw = False
234.5214 	EXP 	New trial (rep=99, index=0): None
234.5229 	DATA 	Keypress: up
234.5344 	EXP 	fixation: autoDraw = False
234.5344 	EXP 	grating: autoDraw = False
234.5344 	EXP 	grating: ori = 0.0
234.5344 	EXP 	fixation: autoDraw = True
235.5344 	EXP 	fixation: autoDraw = False
235.5344 	EXP 	grating: autoDraw = True
235.8346 	EXP 	grating: autoDraw = False
236.0723 	DATA 	Keypress: up
236.0844 	EXP 	fixation: autoDraw = False
236.0844 	EXP 	grating: autoDraw = False
236.5995 	EXP 	window1: mouseVisible = True
